Получение лимитов
0
ВАЛИДАЦИЯ УРЛОВ 
0
Валидация урла 1
Валидация урла 1
УРЛЫ ОБРАБОТАНЫ 
1
Получен ответ сервера о отелях (1 штук) 
3
НАЧАЛО ОБРАБОТКИ ОТЕЛЕЙ 
3
Отель обрабатывается на сервере: https://www.booking.com/hotel/xc/yalta-intourist.ru.html
3
ОТЕЛИ ОБРАБОТАНЫ
3
======
3
Получение лимитов
1
ВАЛИДАЦИЯ УРЛОВ 
1
Уже обработанный урл 1
Уже обработанный урл 1
УРЛЫ ОБРАБОТАНЫ 
1
Получен ответ сервера о отелях (1 штук) 
2
НАЧАЛО ОБРАБОТКИ ОТЕЛЕЙ 
2
Отель обрабатывается на сервере: https://www.booking.com/hotel/xc/yalta-intourist.ru.html
2
ОТЕЛИ ОБРАБОТАНЫ
2
======
2
Получение лимитов
1
ВАЛИДАЦИЯ УРЛОВ 
1
Уже обработанный урл 1
Уже обработанный урл 1
УРЛЫ ОБРАБОТАНЫ 
1
Получен ответ сервера о отелях (1 штук) 
2
НАЧАЛО ОБРАБОТКИ ОТЕЛЕЙ 
2
Отель обрабатывается на сервере: https://www.booking.com/hotel/xc/yalta-intourist.ru.html
2
ОТЕЛИ ОБРАБОТАНЫ
2
======
2
Получение лимитов
1
ВАЛИДАЦИЯ УРЛОВ 
1
Уже обработанный урл 1
Уже обработанный урл 1
УРЛЫ ОБРАБОТАНЫ 
1
Получен ответ сервера о отелях (1 штук) 
3
НАЧАЛО ОБРАБОТКИ ОТЕЛЕЙ 
3
Отель обрабатывается на сервере: https://www.booking.com/hotel/xc/yalta-intourist.ru.html
3
ОТЕЛИ ОБРАБОТАНЫ
3
======
3
Получение лимитов
1
ВАЛИДАЦИЯ УРЛОВ 
1
Уже обработанный урл 1
Уже обработанный урл 1
УРЛЫ ОБРАБОТАНЫ 
1
Получен ответ сервера о отелях (1 штук) 
3
НАЧАЛО ОБРАБОТКИ ОТЕЛЕЙ 
3
Отель обрабатывается на сервере: https://www.booking.com/hotel/xc/yalta-intourist.ru.html
3
ОТЕЛИ ОБРАБОТАНЫ
3
======
3
Получение лимитов
1
ВАЛИДАЦИЯ УРЛОВ 
1
Уже обработанный урл 1
Уже обработанный урл 1
УРЛЫ ОБРАБОТАНЫ 
1
Получен ответ сервера о отелях (1 штук) 
2
НАЧАЛО ОБРАБОТКИ ОТЕЛЕЙ 
2
Отель обрабатывается на сервере: https://www.booking.com/hotel/xc/yalta-intourist.ru.html
2
ОТЕЛИ ОБРАБОТАНЫ
2
======
2
Получение лимитов
1
ВАЛИДАЦИЯ УРЛОВ 
1
Уже обработанный урл 1
Уже обработанный урл 1
УРЛЫ ОБРАБОТАНЫ 
1
Получен ответ сервера о отелях (1 штук) 
3
НАЧАЛО ОБРАБОТКИ ОТЕЛЕЙ 
3
Отель обрабатывается на сервере: https://www.booking.com/hotel/xc/yalta-intourist.ru.html
3
ОТЕЛИ ОБРАБОТАНЫ
3
======
3
Получение лимитов
1
ВАЛИДАЦИЯ УРЛОВ 
1
Уже обработанный урл 1
Уже обработанный урл 1
УРЛЫ ОБРАБОТАНЫ 
1
Получен ответ сервера о отелях (1 штук) 
5
НАЧАЛО ОБРАБОТКИ ОТЕЛЕЙ 
5
Отель обрабатывается на сервере: https://www.booking.com/hotel/xc/yalta-intourist.ru.html
5
ОТЕЛИ ОБРАБОТАНЫ
5
======
5
Получение лимитов
1
ВАЛИДАЦИЯ УРЛОВ 
1
Уже обработанный урл 1
Уже обработанный урл 1
УРЛЫ ОБРАБОТАНЫ 
1
Получен ответ сервера о отелях (1 штук) 
2
НАЧАЛО ОБРАБОТКИ ОТЕЛЕЙ 
2
Отель обрабатывается на сервере: https://www.booking.com/hotel/xc/yalta-intourist.ru.html
2
ОТЕЛИ ОБРАБОТАНЫ
2
======
2
Получение лимитов
1
ВАЛИДАЦИЯ УРЛОВ 
1
Уже обработанный урл 1
Уже обработанный урл 1
УРЛЫ ОБРАБОТАНЫ 
1
Получен ответ сервера о отелях (1 штук) 
3
НАЧАЛО ОБРАБОТКИ ОТЕЛЕЙ 
3
Отель обрабатывается на сервере: https://www.booking.com/hotel/xc/yalta-intourist.ru.html
3
ОТЕЛИ ОБРАБОТАНЫ
3
======
3
Получение лимитов
1
ВАЛИДАЦИЯ УРЛОВ 
1
Уже обработанный урл 1
Уже обработанный урл 1
УРЛЫ ОБРАБОТАНЫ 
1
Получен ответ сервера о отелях (1 штук) 
3
НАЧАЛО ОБРАБОТКИ ОТЕЛЕЙ 
3
Отель обрабатывается на сервере: https://www.booking.com/hotel/xc/yalta-intourist.ru.html
3
ОТЕЛИ ОБРАБОТАНЫ
3
======
3
Получение лимитов
0
ВАЛИДАЦИЯ УРЛОВ 
0
Уже обработанный урл 0
Уже обработанный урл 0
УРЛЫ ОБРАБОТАНЫ 
0
Получен ответ сервера о отелях (1 штук) 
3
НАЧАЛО ОБРАБОТКИ ОТЕЛЕЙ 
3
Отель обрабатывается на сервере: https://www.booking.com/hotel/xc/yalta-intourist.ru.html
3
ОТЕЛИ ОБРАБОТАНЫ
3
======
3
Получение лимитов
1
ВАЛИДАЦИЯ УРЛОВ 
1
Уже обработанный урл 1
Уже обработанный урл 1
УРЛЫ ОБРАБОТАНЫ 
1
Получен ответ сервера о отелях (1 штук) 
3
НАЧАЛО ОБРАБОТКИ ОТЕЛЕЙ 
3
Отель обрабатывается на сервере: https://www.booking.com/hotel/xc/yalta-intourist.ru.html
3
ОТЕЛИ ОБРАБОТАНЫ
3
======
3
Получение лимитов
1
ВАЛИДАЦИЯ УРЛОВ 
1
Уже обработанный урл 1
Уже обработанный урл 1
УРЛЫ ОБРАБОТАНЫ 
1
Получен ответ сервера о отелях (1 штук) 
4
НАЧАЛО ОБРАБОТКИ ОТЕЛЕЙ 
4
Отель обрабатывается на сервере: https://www.booking.com/hotel/xc/yalta-intourist.ru.html
4
ОТЕЛИ ОБРАБОТАНЫ
4
======
4
Получение лимитов
1
ВАЛИДАЦИЯ УРЛОВ 
1
Уже обработанный урл 1
Уже обработанный урл 1
УРЛЫ ОБРАБОТАНЫ 
1
Получен ответ сервера о отелях (1 штук) 
2
НАЧАЛО ОБРАБОТКИ ОТЕЛЕЙ 
2
Отель обрабатывается на сервере: https://www.booking.com/hotel/xc/yalta-intourist.ru.html
2
ОТЕЛИ ОБРАБОТАНЫ
2
======
2
Получение лимитов
0
ВАЛИДАЦИЯ УРЛОВ 
0
Уже обработанный урл 0
Уже обработанный урл 0
УРЛЫ ОБРАБОТАНЫ 
0
Получен ответ сервера о отелях (1 штук) 
3
НАЧАЛО ОБРАБОТКИ ОТЕЛЕЙ 
3
Отель обрабатывается на сервере: https://www.booking.com/hotel/xc/yalta-intourist.ru.html
3
ОТЕЛИ ОБРАБОТАНЫ
3
======
3
